0 info it worked if it ends with ok
1 verbose cli [ 'D:\\node\\node.exe',
1 verbose cli   'D:\\node\\node_modules\\npm\\bin\\npm-cli.js',
1 verbose cli   'run',
1 verbose cli   'dev' ]
2 info using npm@3.10.10
3 info using node@v6.10.2
4 verbose run-script [ 'predev', 'dev', 'postdev' ]
5 info lifecycle educationproject@1.0.0~predev: educationproject@1.0.0
6 silly lifecycle educationproject@1.0.0~predev: no script for predev, continuing
7 info lifecycle educationproject@1.0.0~dev: educationproject@1.0.0
8 verbose lifecycle educationproject@1.0.0~dev: unsafe-perm in lifecycle true
9 verbose lifecycle educationproject@1.0.0~dev: PATH: D:\node\node_modules\npm\bin\node-gyp-bin;D:\1507C\educationproject\node_modules\.bin;C:\Program Files (x86)\Lenovo\FusionEngine;C:\Program Files (x86)\Intel\iCLS Client\;C:\Program Files\Intel\iCLS Client\;C:\windows\system32;C:\windows;C:\windows\System32\Wbem;C:\windows\System32\WindowsPowerShell\v1.0\;C:\Program Files\Intel\Intel(R) Management Engine Components\DAL;C:\Program Files (x86)\Intel\Intel(R) Management Engine Components\DAL;C:\Program Files\Intel\Intel(R) Management Engine Components\IPT;C:\Program Files (x86)\Intel\Intel(R) Management Engine Components\IPT;C:\Program Files\Intel\WiFi\bin\;C:\Program Files\Common Files\Intel\WirelessCommon\;C:\Program Files (x86)\Lenovo\Motion Control\;C:\Program Files (x86)\Common Files\lenovo\easyplussdk\bin;D:\Git\cmd;D:\node\;D:\webstorm\Ruby23-x64\bin;C:\Users\lenovo\AppData\Roaming\npm
10 verbose lifecycle educationproject@1.0.0~dev: CWD: D:\1507C\educationproject
11 silly lifecycle educationproject@1.0.0~dev: Args: [ '/d /s /c', 'webpack-dev-server' ]
12 silly lifecycle educationproject@1.0.0~dev: Returned: code: 3221225786  signal: null
13 info lifecycle educationproject@1.0.0~dev: Failed to exec dev script
14 verbose stack Error: educationproject@1.0.0 dev: `webpack-dev-server`
14 verbose stack Exit status 3221225786
14 verbose stack     at EventEmitter.<anonymous> (D:\node\node_modules\npm\lib\utils\lifecycle.js:255:16)
14 verbose stack     at emitTwo (events.js:106:13)
14 verbose stack     at EventEmitter.emit (events.js:191:7)
14 verbose stack     at ChildProcess.<anonymous> (D:\node\node_modules\npm\lib\utils\spawn.js:40:14)
14 verbose stack     at emitTwo (events.js:106:13)
14 verbose stack     at ChildProcess.emit (events.js:191:7)
14 verbose stack     at maybeClose (internal/child_process.js:886:16)
14 verbose stack     at Process.ChildProcess._handle.onexit (internal/child_process.js:226:5)
15 verbose pkgid educationproject@1.0.0
16 verbose cwd D:\1507C\educationproject
17 error Windows_NT 6.3.9600
18 error argv "D:\\node\\node.exe" "D:\\node\\node_modules\\npm\\bin\\npm-cli.js" "run" "dev"
19 error node v6.10.2
20 error npm  v3.10.10
21 error code ELIFECYCLE
22 error educationproject@1.0.0 dev: `webpack-dev-server`
22 error Exit status 3221225786
23 error Failed at the educationproject@1.0.0 dev script 'webpack-dev-server'.
23 error Make sure you have the latest version of node.js and npm installed.
23 error If you do, this is most likely a problem with the educationproject package,
23 error not with npm itself.
23 error Tell the author that this fails on your system:
23 error     webpack-dev-server
23 error You can get information on how to open an issue for this project with:
23 error     npm bugs educationproject
23 error Or if that isn't available, you can get their info via:
23 error     npm owner ls educationproject
23 error There is likely additional logging output above.
24 verbose exit [ 1, true ]
